<?xml version="1.0" encoding="UTF-8"?>
<!-- Generated by org.testng.reporters.JUnitXMLReporter -->
<testsuite ignored="0" hostname="DESKTOP-C7DDVKG" failures="0" tests="7" name=" Test" time="13.823" errors="0" timestamp="11 Mar 2022 19:06:24 GMT">
  <testcase classname="com.selenium1Demo.testCases.BaseClass" name="@BeforeClass setup" time="5.641">
    <failure type="org.openqa.selenium.SessionNotCreatedException" message="session not created: This version of ChromeDriver only supports Chrome version 97
Current browser version is 99.0.4844.51 with binary path C:\Program Files\Google\Chrome\Application\chrome.exe
Build info: version: &amp;apos;3.14.0&amp;apos;, revision: &amp;apos;aacccce0&amp;apos;, time: &amp;apos;2018-08-02T20:19:58.91Z&amp;apos;
System info: host: &amp;apos;DESKTOP-C7DDVKG&amp;apos;, ip: &amp;apos;192.168.0.63&amp;apos;, os.name: &amp;apos;Windows 10&amp;apos;, os.arch: &amp;apos;amd64&amp;apos;, os.version: &amp;apos;10.0&amp;apos;, java.version: &amp;apos;11.0.14&amp;apos;
Driver info: driver.version: ChromeDriver
remote stacktrace: Backtrace:
	Ordinal0 [0x00CEFDC3+2555331]
	Ordinal0 [0x00C877F1+2127857]
	Ordinal0 [0x00B82E08+1060360]
	Ordinal0 [0x00BA19CA+1186250]
	Ordinal0 [0x00B9D825+1169445]
	Ordinal0 [0x00B9AFC1+1159105]
	Ordinal0 [0x00BCC22F+1360431]
	Ordinal0 [0x00BCBE9A+1359514]
	Ordinal0 [0x00BC7976+1341814]
	Ordinal0 [0x00BA36B6+1193654]
	Ordinal0 [0x00BA4546+1197382]
	GetHandleVerifier [0x00E89622+1619522]
	GetHandleVerifier [0x00F3882C+2336844]
	GetHandleVerifier [0x00D823E1+541697]
	GetHandleVerifier [0x00D81443+537699]
	Ordinal0 [0x00C8D18E+2150798]
	Ordinal0 [0x00C91518+2168088]
	Ordinal0 [0x00C91660+2168416]
	Ordinal0 [0x00C9B330+2208560]
	BaseThreadInitThunk [0x7794FA29+25]
	RtlGetAppContainerNamedObjectPath [0x77E57A7E+286]
	RtlGetAppContainerNamedObjectPath [0x77E57A4E+238]
">
      <![CDATA[org.openqa.selenium.SessionNotCreatedException: session not created: This version of ChromeDriver only supports Chrome version 97
Current browser version is 99.0.4844.51 with binary path C:\Program Files\Google\Chrome\Application\chrome.exe
Build info: version: '3.14.0', revision: 'aacccce0', time: '2018-08-02T20:19:58.91Z'
System info: host: 'DESKTOP-C7DDVKG', ip: '192.168.0.63', os.name: 'Windows 10', os.arch: 'amd64', os.version: '10.0', java.version: '11.0.14'
Driver info: driver.version: ChromeDriver
remote stacktrace: Backtrace:
Ordinal0 [0x00CEFDC3+2555331]
Ordinal0 [0x00C877F1+2127857]
Ordinal0 [0x00B82E08+1060360]
Ordinal0 [0x00BA19CA+1186250]
Ordinal0 [0x00B9D825+1169445]
Ordinal0 [0x00B9AFC1+1159105]
Ordinal0 [0x00BCC22F+1360431]
Ordinal0 [0x00BCBE9A+1359514]
Ordinal0 [0x00BC7976+1341814]
Ordinal0 [0x00BA36B6+1193654]
Ordinal0 [0x00BA4546+1197382]
GetHandleVerifier [0x00E89622+1619522]
GetHandleVerifier [0x00F3882C+2336844]
GetHandleVerifier [0x00D823E1+541697]
GetHandleVerifier [0x00D81443+537699]
Ordinal0 [0x00C8D18E+2150798]
Ordinal0 [0x00C91518+2168088]
Ordinal0 [0x00C91660+2168416]
Ordinal0 [0x00C9B330+2208560]
BaseThreadInitThunk [0x7794FA29+25]
RtlGetAppContainerNamedObjectPath [0x77E57A7E+286]
RtlGetAppContainerNamedObjectPath [0x77E57A4E+238]

at org.openqa.selenium.remote.W3CHandshakeResponse.lambda$new$0(W3CHandshakeResponse.java:57)
at org.openqa.selenium.remote.W3CHandshakeResponse.lambda$getResponseFunction$2(W3CHandshakeResponse.java:104)
at org.openqa.selenium.remote.ProtocolHandshake.lambda$createSession$0(ProtocolHandshake.java:122)
at java.base/java.util.stream.ReferencePipeline$3$1.accept(ReferencePipeline.java:195)
at java.base/java.util.Spliterators$ArraySpliterator.tryAdvance(Spliterators.java:958)
at java.base/java.util.stream.ReferencePipeline.forEachWithCancel(ReferencePipeline.java:127)
at java.base/java.util.stream.AbstractPipeline.copyIntoWithCancel(AbstractPipeline.java:502)
at java.base/java.util.stream.AbstractPipeline.copyInto(AbstractPipeline.java:488)
at java.base/java.util.stream.AbstractPipeline.wrapAndCopyInto(AbstractPipeline.java:474)
at java.base/java.util.stream.FindOps$FindOp.evaluateSequential(FindOps.java:150)
at java.base/java.util.stream.AbstractPipeline.evaluate(AbstractPipeline.java:234)
at java.base/java.util.stream.ReferencePipeline.findFirst(ReferencePipeline.java:543)
at org.openqa.selenium.remote.ProtocolHandshake.createSession(ProtocolHandshake.java:125)
at org.openqa.selenium.remote.ProtocolHandshake.createSession(ProtocolHandshake.java:73)
at org.openqa.selenium.remote.HttpCommandExecutor.execute(HttpCommandExecutor.java:136)
at org.openqa.selenium.remote.service.DriverCommandExecutor.execute(DriverCommandExecutor.java:83)
at org.openqa.selenium.remote.RemoteWebDriver.execute(RemoteWebDriver.java:548)
at org.openqa.selenium.remote.RemoteWebDriver.startSession(RemoteWebDriver.java:212)
at org.openqa.selenium.remote.RemoteWebDriver.<init>(RemoteWebDriver.java:130)
at org.openqa.selenium.chrome.ChromeDriver.<init>(ChromeDriver.java:181)
at org.openqa.selenium.chrome.ChromeDriver.<init>(ChromeDriver.java:168)
at org.openqa.selenium.chrome.ChromeDriver.<init>(ChromeDriver.java:123)
at com.selenium1Demo.testCases.BaseClass.setup(BaseClass.java:40)
... Removed 33 stack frames]]>
    </failure>
  </testcase> <!-- @BeforeClass setup -->
  <testcase classname="com.selenium1Demo.testCases.BaseClass" name="@AfterClass tearDown" time="0.0">
    <skipped/>
  </testcase> <!-- @AfterClass tearDown -->
  <testcase classname="com.selenium1Demo.testCases.BaseClass" name="@BeforeClass setup" time="2.319">
    <failure type="org.openqa.selenium.SessionNotCreatedException" message="session not created: This version of ChromeDriver only supports Chrome version 97
Current browser version is 99.0.4844.51 with binary path C:\Program Files\Google\Chrome\Application\chrome.exe
Build info: version: &amp;apos;3.14.0&amp;apos;, revision: &amp;apos;aacccce0&amp;apos;, time: &amp;apos;2018-08-02T20:19:58.91Z&amp;apos;
System info: host: &amp;apos;DESKTOP-C7DDVKG&amp;apos;, ip: &amp;apos;192.168.0.63&amp;apos;, os.name: &amp;apos;Windows 10&amp;apos;, os.arch: &amp;apos;amd64&amp;apos;, os.version: &amp;apos;10.0&amp;apos;, java.version: &amp;apos;11.0.14&amp;apos;
Driver info: driver.version: ChromeDriver
remote stacktrace: Backtrace:
	Ordinal0 [0x00CEFDC3+2555331]
	Ordinal0 [0x00C877F1+2127857]
	Ordinal0 [0x00B82E08+1060360]
	Ordinal0 [0x00BA19CA+1186250]
	Ordinal0 [0x00B9D825+1169445]
	Ordinal0 [0x00B9AFC1+1159105]
	Ordinal0 [0x00BCC22F+1360431]
	Ordinal0 [0x00BCBE9A+1359514]
	Ordinal0 [0x00BC7976+1341814]
	Ordinal0 [0x00BA36B6+1193654]
	Ordinal0 [0x00BA4546+1197382]
	GetHandleVerifier [0x00E89622+1619522]
	GetHandleVerifier [0x00F3882C+2336844]
	GetHandleVerifier [0x00D823E1+541697]
	GetHandleVerifier [0x00D81443+537699]
	Ordinal0 [0x00C8D18E+2150798]
	Ordinal0 [0x00C91518+2168088]
	Ordinal0 [0x00C91660+2168416]
	Ordinal0 [0x00C9B330+2208560]
	BaseThreadInitThunk [0x7794FA29+25]
	RtlGetAppContainerNamedObjectPath [0x77E57A7E+286]
	RtlGetAppContainerNamedObjectPath [0x77E57A4E+238]
">
      <![CDATA[org.openqa.selenium.SessionNotCreatedException: session not created: This version of ChromeDriver only supports Chrome version 97
Current browser version is 99.0.4844.51 with binary path C:\Program Files\Google\Chrome\Application\chrome.exe
Build info: version: '3.14.0', revision: 'aacccce0', time: '2018-08-02T20:19:58.91Z'
System info: host: 'DESKTOP-C7DDVKG', ip: '192.168.0.63', os.name: 'Windows 10', os.arch: 'amd64', os.version: '10.0', java.version: '11.0.14'
Driver info: driver.version: ChromeDriver
remote stacktrace: Backtrace:
Ordinal0 [0x00CEFDC3+2555331]
Ordinal0 [0x00C877F1+2127857]
Ordinal0 [0x00B82E08+1060360]
Ordinal0 [0x00BA19CA+1186250]
Ordinal0 [0x00B9D825+1169445]
Ordinal0 [0x00B9AFC1+1159105]
Ordinal0 [0x00BCC22F+1360431]
Ordinal0 [0x00BCBE9A+1359514]
Ordinal0 [0x00BC7976+1341814]
Ordinal0 [0x00BA36B6+1193654]
Ordinal0 [0x00BA4546+1197382]
GetHandleVerifier [0x00E89622+1619522]
GetHandleVerifier [0x00F3882C+2336844]
GetHandleVerifier [0x00D823E1+541697]
GetHandleVerifier [0x00D81443+537699]
Ordinal0 [0x00C8D18E+2150798]
Ordinal0 [0x00C91518+2168088]
Ordinal0 [0x00C91660+2168416]
Ordinal0 [0x00C9B330+2208560]
BaseThreadInitThunk [0x7794FA29+25]
RtlGetAppContainerNamedObjectPath [0x77E57A7E+286]
RtlGetAppContainerNamedObjectPath [0x77E57A4E+238]

at org.openqa.selenium.remote.W3CHandshakeResponse.lambda$new$0(W3CHandshakeResponse.java:57)
at org.openqa.selenium.remote.W3CHandshakeResponse.lambda$getResponseFunction$2(W3CHandshakeResponse.java:104)
at org.openqa.selenium.remote.ProtocolHandshake.lambda$createSession$0(ProtocolHandshake.java:122)
at java.base/java.util.stream.ReferencePipeline$3$1.accept(ReferencePipeline.java:195)
at java.base/java.util.Spliterators$ArraySpliterator.tryAdvance(Spliterators.java:958)
at java.base/java.util.stream.ReferencePipeline.forEachWithCancel(ReferencePipeline.java:127)
at java.base/java.util.stream.AbstractPipeline.copyIntoWithCancel(AbstractPipeline.java:502)
at java.base/java.util.stream.AbstractPipeline.copyInto(AbstractPipeline.java:488)
at java.base/java.util.stream.AbstractPipeline.wrapAndCopyInto(AbstractPipeline.java:474)
at java.base/java.util.stream.FindOps$FindOp.evaluateSequential(FindOps.java:150)
at java.base/java.util.stream.AbstractPipeline.evaluate(AbstractPipeline.java:234)
at java.base/java.util.stream.ReferencePipeline.findFirst(ReferencePipeline.java:543)
at org.openqa.selenium.remote.ProtocolHandshake.createSession(ProtocolHandshake.java:125)
at org.openqa.selenium.remote.ProtocolHandshake.createSession(ProtocolHandshake.java:73)
at org.openqa.selenium.remote.HttpCommandExecutor.execute(HttpCommandExecutor.java:136)
at org.openqa.selenium.remote.service.DriverCommandExecutor.execute(DriverCommandExecutor.java:83)
at org.openqa.selenium.remote.RemoteWebDriver.execute(RemoteWebDriver.java:548)
at org.openqa.selenium.remote.RemoteWebDriver.startSession(RemoteWebDriver.java:212)
at org.openqa.selenium.remote.RemoteWebDriver.<init>(RemoteWebDriver.java:130)
at org.openqa.selenium.chrome.ChromeDriver.<init>(ChromeDriver.java:181)
at org.openqa.selenium.chrome.ChromeDriver.<init>(ChromeDriver.java:168)
at org.openqa.selenium.chrome.ChromeDriver.<init>(ChromeDriver.java:123)
at com.selenium1Demo.testCases.BaseClass.setup(BaseClass.java:40)
... Removed 33 stack frames]]>
    </failure>
  </testcase> <!-- @BeforeClass setup -->
  <testcase classname="com.selenium1Demo.testCases.BaseClass" name="@AfterClass tearDown" time="0.0">
    <skipped/>
  </testcase> <!-- @AfterClass tearDown -->
  <testcase classname="com.selenium1Demo.testCases.BaseClass" name="@BeforeClass setup" time="2.183">
    <failure type="org.openqa.selenium.SessionNotCreatedException" message="session not created: This version of ChromeDriver only supports Chrome version 97
Current browser version is 99.0.4844.51 with binary path C:\Program Files\Google\Chrome\Application\chrome.exe
Build info: version: &amp;apos;3.14.0&amp;apos;, revision: &amp;apos;aacccce0&amp;apos;, time: &amp;apos;2018-08-02T20:19:58.91Z&amp;apos;
System info: host: &amp;apos;DESKTOP-C7DDVKG&amp;apos;, ip: &amp;apos;192.168.0.63&amp;apos;, os.name: &amp;apos;Windows 10&amp;apos;, os.arch: &amp;apos;amd64&amp;apos;, os.version: &amp;apos;10.0&amp;apos;, java.version: &amp;apos;11.0.14&amp;apos;
Driver info: driver.version: ChromeDriver
remote stacktrace: Backtrace:
	Ordinal0 [0x00CEFDC3+2555331]
	Ordinal0 [0x00C877F1+2127857]
	Ordinal0 [0x00B82E08+1060360]
	Ordinal0 [0x00BA19CA+1186250]
	Ordinal0 [0x00B9D825+1169445]
	Ordinal0 [0x00B9AFC1+1159105]
	Ordinal0 [0x00BCC22F+1360431]
	Ordinal0 [0x00BCBE9A+1359514]
	Ordinal0 [0x00BC7976+1341814]
	Ordinal0 [0x00BA36B6+1193654]
	Ordinal0 [0x00BA4546+1197382]
	GetHandleVerifier [0x00E89622+1619522]
	GetHandleVerifier [0x00F3882C+2336844]
	GetHandleVerifier [0x00D823E1+541697]
	GetHandleVerifier [0x00D81443+537699]
	Ordinal0 [0x00C8D18E+2150798]
	Ordinal0 [0x00C91518+2168088]
	Ordinal0 [0x00C91660+2168416]
	Ordinal0 [0x00C9B330+2208560]
	BaseThreadInitThunk [0x7794FA29+25]
	RtlGetAppContainerNamedObjectPath [0x77E57A7E+286]
	RtlGetAppContainerNamedObjectPath [0x77E57A4E+238]
">
      <![CDATA[org.openqa.selenium.SessionNotCreatedException: session not created: This version of ChromeDriver only supports Chrome version 97
Current browser version is 99.0.4844.51 with binary path C:\Program Files\Google\Chrome\Application\chrome.exe
Build info: version: '3.14.0', revision: 'aacccce0', time: '2018-08-02T20:19:58.91Z'
System info: host: 'DESKTOP-C7DDVKG', ip: '192.168.0.63', os.name: 'Windows 10', os.arch: 'amd64', os.version: '10.0', java.version: '11.0.14'
Driver info: driver.version: ChromeDriver
remote stacktrace: Backtrace:
Ordinal0 [0x00CEFDC3+2555331]
Ordinal0 [0x00C877F1+2127857]
Ordinal0 [0x00B82E08+1060360]
Ordinal0 [0x00BA19CA+1186250]
Ordinal0 [0x00B9D825+1169445]
Ordinal0 [0x00B9AFC1+1159105]
Ordinal0 [0x00BCC22F+1360431]
Ordinal0 [0x00BCBE9A+1359514]
Ordinal0 [0x00BC7976+1341814]
Ordinal0 [0x00BA36B6+1193654]
Ordinal0 [0x00BA4546+1197382]
GetHandleVerifier [0x00E89622+1619522]
GetHandleVerifier [0x00F3882C+2336844]
GetHandleVerifier [0x00D823E1+541697]
GetHandleVerifier [0x00D81443+537699]
Ordinal0 [0x00C8D18E+2150798]
Ordinal0 [0x00C91518+2168088]
Ordinal0 [0x00C91660+2168416]
Ordinal0 [0x00C9B330+2208560]
BaseThreadInitThunk [0x7794FA29+25]
RtlGetAppContainerNamedObjectPath [0x77E57A7E+286]
RtlGetAppContainerNamedObjectPath [0x77E57A4E+238]

at org.openqa.selenium.remote.W3CHandshakeResponse.lambda$new$0(W3CHandshakeResponse.java:57)
at org.openqa.selenium.remote.W3CHandshakeResponse.lambda$getResponseFunction$2(W3CHandshakeResponse.java:104)
at org.openqa.selenium.remote.ProtocolHandshake.lambda$createSession$0(ProtocolHandshake.java:122)
at java.base/java.util.stream.ReferencePipeline$3$1.accept(ReferencePipeline.java:195)
at java.base/java.util.Spliterators$ArraySpliterator.tryAdvance(Spliterators.java:958)
at java.base/java.util.stream.ReferencePipeline.forEachWithCancel(ReferencePipeline.java:127)
at java.base/java.util.stream.AbstractPipeline.copyIntoWithCancel(AbstractPipeline.java:502)
at java.base/java.util.stream.AbstractPipeline.copyInto(AbstractPipeline.java:488)
at java.base/java.util.stream.AbstractPipeline.wrapAndCopyInto(AbstractPipeline.java:474)
at java.base/java.util.stream.FindOps$FindOp.evaluateSequential(FindOps.java:150)
at java.base/java.util.stream.AbstractPipeline.evaluate(AbstractPipeline.java:234)
at java.base/java.util.stream.ReferencePipeline.findFirst(ReferencePipeline.java:543)
at org.openqa.selenium.remote.ProtocolHandshake.createSession(ProtocolHandshake.java:125)
at org.openqa.selenium.remote.ProtocolHandshake.createSession(ProtocolHandshake.java:73)
at org.openqa.selenium.remote.HttpCommandExecutor.execute(HttpCommandExecutor.java:136)
at org.openqa.selenium.remote.service.DriverCommandExecutor.execute(DriverCommandExecutor.java:83)
at org.openqa.selenium.remote.RemoteWebDriver.execute(RemoteWebDriver.java:548)
at org.openqa.selenium.remote.RemoteWebDriver.startSession(RemoteWebDriver.java:212)
at org.openqa.selenium.remote.RemoteWebDriver.<init>(RemoteWebDriver.java:130)
at org.openqa.selenium.chrome.ChromeDriver.<init>(ChromeDriver.java:181)
at org.openqa.selenium.chrome.ChromeDriver.<init>(ChromeDriver.java:168)
at org.openqa.selenium.chrome.ChromeDriver.<init>(ChromeDriver.java:123)
at com.selenium1Demo.testCases.BaseClass.setup(BaseClass.java:40)
... Removed 33 stack frames]]>
    </failure>
  </testcase> <!-- @BeforeClass setup -->
  <testcase classname="com.selenium1Demo.testCases.BaseClass" name="@AfterClass tearDown" time="0.0">
    <skipped/>
  </testcase> <!-- @AfterClass tearDown -->
  <testcase classname="com.selenium1Demo.testCases.TC_LoginTest_001" name="loginTest" time="0.0">
    <skipped/>
  </testcase> <!-- loginTest -->
  <testcase classname="com.selenium1Demo.testCases.TC_LoginDDT_002" name="loginDDT" time="0.0">
    <skipped/>
  </testcase> <!-- loginDDT -->
  <testcase classname="com.selenium1Demo.testCases.TC_LoginDDT_002" name="loginDDT" time="0.0">
    <skipped/>
  </testcase> <!-- loginDDT -->
  <testcase classname="com.selenium1Demo.testCases.TC_LoginDDT_002" name="loginDDT" time="0.0">
    <skipped/>
  </testcase> <!-- loginDDT -->
  <testcase classname="com.selenium1Demo.testCases.TC_LoginDDT_002" name="loginDDT" time="0.0">
    <skipped/>
  </testcase> <!-- loginDDT -->
  <testcase classname="com.selenium1Demo.testCases.TC_LoginDDT_002" name="loginDDT" time="0.0">
    <skipped/>
  </testcase> <!-- loginDDT -->
  <testcase classname="com.selenium1Demo.testCases.TC_AddCustommer_03" name="addNewCustomerTest" time="0.0">
    <skipped/>
  </testcase> <!-- addNewCustomerTest -->
</testsuite> <!--  Test -->
