<!DOCTYPE html PUBLIC "-//W3C//DTD XHTML 1.1//EN" "http://www.w3.org/TR/xhtml11/DTD/xhtml11.dtd">
<html xmlns="http://www.w3.org/1999/xhtml">
<head>
<meta http-equiv="content-type" content="text/html; charset=UTF-8"/>
<title>TestNG Report</title>
<style type="text/css">table {margin-bottom:10px;border-collapse:collapse;empty-cells:show}th,td {border:1px solid #009;padding:.25em .5em}th {vertical-align:bottom}td {vertical-align:top}table a {font-weight:bold}.stripe td {background-color: #E6EBF9}.num {text-align:right}.passedodd td {background-color: #3F3}.passedeven td {background-color: #0A0}.skippedodd td {background-color: #DDD}.skippedeven td {background-color: #CCC}.failedodd td,.attn {background-color: #F33}.failedeven td,.stripe .attn {background-color: #D00}.stacktrace {white-space:pre;font-family:monospace}.totop {font-size:85%;text-align:center;border-bottom:2px solid #000}.invisible {display:none}</style>
</head>
<body>
<table>
<tr><th>Test</th><th># Passed</th><th># Skipped</th><th># Failed</th><th>Time (ms)</th><th>Included Groups</th><th>Excluded Groups</th></tr>
<tr><th colspan="7">Selenium1Demo</th></tr>
<tr><td><a href="#t0"> Test</a></td><td class="num">0</td><td class="num attn">7</td><td class="num">0</td><td class="num">13,823</td><td></td><td></td></tr>
</table>
<table id='summary'><thead><tr><th>Class</th><th>Method</th><th>Start</th><th>Time (ms)</th></tr></thead><tbody><tr><th colspan="4">Selenium1Demo</th></tr></tbody><tbody id="t0"><tr><th colspan="4"> Test &#8212; failed (configuration methods)</th></tr><tr class="failedeven"><td rowspan="1">com.selenium1Demo.testCases.TC_AddCustommer_03</td><td><a href="#m0">setup</a></td><td rowspan="1">1647025581921</td><td rowspan="1">2183</td></tr><tr class="failedodd"><td rowspan="1">com.selenium1Demo.testCases.TC_LoginDDT_002</td><td><a href="#m1">setup</a></td><td rowspan="1">1647025576768</td><td rowspan="1">2319</td></tr><tr class="failedeven"><td rowspan="1">com.selenium1Demo.testCases.TC_LoginTest_001</td><td><a href="#m2">setup</a></td><td rowspan="1">1647025571058</td><td rowspan="1">5641</td></tr><tr><th colspan="4"> Test &#8212; skipped (configuration methods)</th></tr><tr class="skippedeven"><td rowspan="1">com.selenium1Demo.testCases.TC_AddCustommer_03</td><td><a href="#m3">tearDown</a></td><td rowspan="1">1647025584107</td><td rowspan="1">0</td></tr><tr class="skippedodd"><td rowspan="1">com.selenium1Demo.testCases.TC_LoginDDT_002</td><td><a href="#m4">tearDown</a></td><td rowspan="1">1647025581919</td><td rowspan="1">0</td></tr><tr class="skippedeven"><td rowspan="1">com.selenium1Demo.testCases.TC_LoginTest_001</td><td><a href="#m5">tearDown</a></td><td rowspan="1">1647025576767</td><td rowspan="1">0</td></tr><tr><th colspan="4"> Test &#8212; skipped</th></tr><tr class="skippedeven"><td rowspan="1">com.selenium1Demo.testCases.TC_AddCustommer_03</td><td><a href="#m6">addNewCustomerTest</a></td><td rowspan="1">1647025584107</td><td rowspan="1">0</td></tr><tr class="skippedodd"><td rowspan="5">com.selenium1Demo.testCases.TC_LoginDDT_002</td><td><a href="#m7">loginDDT</a></td><td rowspan="5">1647025581912</td><td rowspan="5">0</td></tr><tr class="skippedodd"><td><a href="#m8">loginDDT</a></td></tr><tr class="skippedodd"><td><a href="#m9">loginDDT</a></td></tr><tr class="skippedodd"><td><a href="#m10">loginDDT</a></td></tr><tr class="skippedodd"><td><a href="#m11">loginDDT</a></td></tr><tr class="skippedeven"><td rowspan="1">com.selenium1Demo.testCases.TC_LoginTest_001</td><td><a href="#m12">loginTest</a></td><td rowspan="1">1647025576736</td><td rowspan="1">0</td></tr></tbody>
</table>
<h2> Test</h2><h3 id="m0">com.selenium1Demo.testCases.TC_AddCustommer_03#setup</h3><table class="result"><tr><th>Exception</th></tr><tr><td><div class="stacktrace">org.openqa.selenium.SessionNotCreatedException: session not created: This version of ChromeDriver only supports Chrome version 97
Current browser version is 99.0.4844.51 with binary path C:\Program Files\Google\Chrome\Application\chrome.exe
Build info: version: &apos;3.14.0&apos;, revision: &apos;aacccce0&apos;, time: &apos;2018-08-02T20:19:58.91Z&apos;
System info: host: &apos;DESKTOP-C7DDVKG&apos;, ip: &apos;192.168.0.63&apos;, os.name: &apos;Windows 10&apos;, os.arch: &apos;amd64&apos;, os.version: &apos;10.0&apos;, java.version: &apos;11.0.14&apos;
Driver info: driver.version: ChromeDriver
remote stacktrace: Backtrace:
	Ordinal0 [0x00CEFDC3+2555331]
	Ordinal0 [0x00C877F1+2127857]
	Ordinal0 [0x00B82E08+1060360]
	Ordinal0 [0x00BA19CA+1186250]
	Ordinal0 [0x00B9D825+1169445]
	Ordinal0 [0x00B9AFC1+1159105]
	Ordinal0 [0x00BCC22F+1360431]
	Ordinal0 [0x00BCBE9A+1359514]
	Ordinal0 [0x00BC7976+1341814]
	Ordinal0 [0x00BA36B6+1193654]
	Ordinal0 [0x00BA4546+1197382]
	GetHandleVerifier [0x00E89622+1619522]
	GetHandleVerifier [0x00F3882C+2336844]
	GetHandleVerifier [0x00D823E1+541697]
	GetHandleVerifier [0x00D81443+537699]
	Ordinal0 [0x00C8D18E+2150798]
	Ordinal0 [0x00C91518+2168088]
	Ordinal0 [0x00C91660+2168416]
	Ordinal0 [0x00C9B330+2208560]
	BaseThreadInitThunk [0x7794FA29+25]
	RtlGetAppContainerNamedObjectPath [0x77E57A7E+286]
	RtlGetAppContainerNamedObjectPath [0x77E57A4E+238]

	at org.openqa.selenium.remote.W3CHandshakeResponse.lambda$new$0(W3CHandshakeResponse.java:57)
	at org.openqa.selenium.remote.W3CHandshakeResponse.lambda$getResponseFunction$2(W3CHandshakeResponse.java:104)
	at org.openqa.selenium.remote.ProtocolHandshake.lambda$createSession$0(ProtocolHandshake.java:122)
	at java.base/java.util.stream.ReferencePipeline$3$1.accept(ReferencePipeline.java:195)
	at java.base/java.util.Spliterators$ArraySpliterator.tryAdvance(Spliterators.java:958)
	at java.base/java.util.stream.ReferencePipeline.forEachWithCancel(ReferencePipeline.java:127)
	at java.base/java.util.stream.AbstractPipeline.copyIntoWithCancel(AbstractPipeline.java:502)
	at java.base/java.util.stream.AbstractPipeline.copyInto(AbstractPipeline.java:488)
	at java.base/java.util.stream.AbstractPipeline.wrapAndCopyInto(AbstractPipeline.java:474)
	at java.base/java.util.stream.FindOps$FindOp.evaluateSequential(FindOps.java:150)
	at java.base/java.util.stream.AbstractPipeline.evaluate(AbstractPipeline.java:234)
	at java.base/java.util.stream.ReferencePipeline.findFirst(ReferencePipeline.java:543)
	at org.openqa.selenium.remote.ProtocolHandshake.createSession(ProtocolHandshake.java:125)
	at org.openqa.selenium.remote.ProtocolHandshake.createSession(ProtocolHandshake.java:73)
	at org.openqa.selenium.remote.HttpCommandExecutor.execute(HttpCommandExecutor.java:136)
	at org.openqa.selenium.remote.service.DriverCommandExecutor.execute(DriverCommandExecutor.java:83)
	at org.openqa.selenium.remote.RemoteWebDriver.execute(RemoteWebDriver.java:548)
	at org.openqa.selenium.remote.RemoteWebDriver.startSession(RemoteWebDriver.java:212)
	at org.openqa.selenium.remote.RemoteWebDriver.&lt;init&gt;(RemoteWebDriver.java:130)
	at org.openqa.selenium.chrome.ChromeDriver.&lt;init&gt;(ChromeDriver.java:181)
	at org.openqa.selenium.chrome.ChromeDriver.&lt;init&gt;(ChromeDriver.java:168)
	at org.openqa.selenium.chrome.ChromeDriver.&lt;init&gt;(ChromeDriver.java:123)
	at com.selenium1Demo.testCases.BaseClass.setup(BaseClass.java:40)
... Removed 33 stack frames</div></td></tr></table><p class="totop"><a href="#summary">back to summary</a></p>
<h3 id="m1">com.selenium1Demo.testCases.TC_LoginDDT_002#setup</h3><table class="result"><tr><th>Exception</th></tr><tr><td><div class="stacktrace">org.openqa.selenium.SessionNotCreatedException: session not created: This version of ChromeDriver only supports Chrome version 97
Current browser version is 99.0.4844.51 with binary path C:\Program Files\Google\Chrome\Application\chrome.exe
Build info: version: &apos;3.14.0&apos;, revision: &apos;aacccce0&apos;, time: &apos;2018-08-02T20:19:58.91Z&apos;
System info: host: &apos;DESKTOP-C7DDVKG&apos;, ip: &apos;192.168.0.63&apos;, os.name: &apos;Windows 10&apos;, os.arch: &apos;amd64&apos;, os.version: &apos;10.0&apos;, java.version: &apos;11.0.14&apos;
Driver info: driver.version: ChromeDriver
remote stacktrace: Backtrace:
	Ordinal0 [0x00CEFDC3+2555331]
	Ordinal0 [0x00C877F1+2127857]
	Ordinal0 [0x00B82E08+1060360]
	Ordinal0 [0x00BA19CA+1186250]
	Ordinal0 [0x00B9D825+1169445]
	Ordinal0 [0x00B9AFC1+1159105]
	Ordinal0 [0x00BCC22F+1360431]
	Ordinal0 [0x00BCBE9A+1359514]
	Ordinal0 [0x00BC7976+1341814]
	Ordinal0 [0x00BA36B6+1193654]
	Ordinal0 [0x00BA4546+1197382]
	GetHandleVerifier [0x00E89622+1619522]
	GetHandleVerifier [0x00F3882C+2336844]
	GetHandleVerifier [0x00D823E1+541697]
	GetHandleVerifier [0x00D81443+537699]
	Ordinal0 [0x00C8D18E+2150798]
	Ordinal0 [0x00C91518+2168088]
	Ordinal0 [0x00C91660+2168416]
	Ordinal0 [0x00C9B330+2208560]
	BaseThreadInitThunk [0x7794FA29+25]
	RtlGetAppContainerNamedObjectPath [0x77E57A7E+286]
	RtlGetAppContainerNamedObjectPath [0x77E57A4E+238]

	at org.openqa.selenium.remote.W3CHandshakeResponse.lambda$new$0(W3CHandshakeResponse.java:57)
	at org.openqa.selenium.remote.W3CHandshakeResponse.lambda$getResponseFunction$2(W3CHandshakeResponse.java:104)
	at org.openqa.selenium.remote.ProtocolHandshake.lambda$createSession$0(ProtocolHandshake.java:122)
	at java.base/java.util.stream.ReferencePipeline$3$1.accept(ReferencePipeline.java:195)
	at java.base/java.util.Spliterators$ArraySpliterator.tryAdvance(Spliterators.java:958)
	at java.base/java.util.stream.ReferencePipeline.forEachWithCancel(ReferencePipeline.java:127)
	at java.base/java.util.stream.AbstractPipeline.copyIntoWithCancel(AbstractPipeline.java:502)
	at java.base/java.util.stream.AbstractPipeline.copyInto(AbstractPipeline.java:488)
	at java.base/java.util.stream.AbstractPipeline.wrapAndCopyInto(AbstractPipeline.java:474)
	at java.base/java.util.stream.FindOps$FindOp.evaluateSequential(FindOps.java:150)
	at java.base/java.util.stream.AbstractPipeline.evaluate(AbstractPipeline.java:234)
	at java.base/java.util.stream.ReferencePipeline.findFirst(ReferencePipeline.java:543)
	at org.openqa.selenium.remote.ProtocolHandshake.createSession(ProtocolHandshake.java:125)
	at org.openqa.selenium.remote.ProtocolHandshake.createSession(ProtocolHandshake.java:73)
	at org.openqa.selenium.remote.HttpCommandExecutor.execute(HttpCommandExecutor.java:136)
	at org.openqa.selenium.remote.service.DriverCommandExecutor.execute(DriverCommandExecutor.java:83)
	at org.openqa.selenium.remote.RemoteWebDriver.execute(RemoteWebDriver.java:548)
	at org.openqa.selenium.remote.RemoteWebDriver.startSession(RemoteWebDriver.java:212)
	at org.openqa.selenium.remote.RemoteWebDriver.&lt;init&gt;(RemoteWebDriver.java:130)
	at org.openqa.selenium.chrome.ChromeDriver.&lt;init&gt;(ChromeDriver.java:181)
	at org.openqa.selenium.chrome.ChromeDriver.&lt;init&gt;(ChromeDriver.java:168)
	at org.openqa.selenium.chrome.ChromeDriver.&lt;init&gt;(ChromeDriver.java:123)
	at com.selenium1Demo.testCases.BaseClass.setup(BaseClass.java:40)
... Removed 33 stack frames</div></td></tr></table><p class="totop"><a href="#summary">back to summary</a></p>
<h3 id="m2">com.selenium1Demo.testCases.TC_LoginTest_001#setup</h3><table class="result"><tr><th>Exception</th></tr><tr><td><div class="stacktrace">org.openqa.selenium.SessionNotCreatedException: session not created: This version of ChromeDriver only supports Chrome version 97
Current browser version is 99.0.4844.51 with binary path C:\Program Files\Google\Chrome\Application\chrome.exe
Build info: version: &apos;3.14.0&apos;, revision: &apos;aacccce0&apos;, time: &apos;2018-08-02T20:19:58.91Z&apos;
System info: host: &apos;DESKTOP-C7DDVKG&apos;, ip: &apos;192.168.0.63&apos;, os.name: &apos;Windows 10&apos;, os.arch: &apos;amd64&apos;, os.version: &apos;10.0&apos;, java.version: &apos;11.0.14&apos;
Driver info: driver.version: ChromeDriver
remote stacktrace: Backtrace:
	Ordinal0 [0x00CEFDC3+2555331]
	Ordinal0 [0x00C877F1+2127857]
	Ordinal0 [0x00B82E08+1060360]
	Ordinal0 [0x00BA19CA+1186250]
	Ordinal0 [0x00B9D825+1169445]
	Ordinal0 [0x00B9AFC1+1159105]
	Ordinal0 [0x00BCC22F+1360431]
	Ordinal0 [0x00BCBE9A+1359514]
	Ordinal0 [0x00BC7976+1341814]
	Ordinal0 [0x00BA36B6+1193654]
	Ordinal0 [0x00BA4546+1197382]
	GetHandleVerifier [0x00E89622+1619522]
	GetHandleVerifier [0x00F3882C+2336844]
	GetHandleVerifier [0x00D823E1+541697]
	GetHandleVerifier [0x00D81443+537699]
	Ordinal0 [0x00C8D18E+2150798]
	Ordinal0 [0x00C91518+2168088]
	Ordinal0 [0x00C91660+2168416]
	Ordinal0 [0x00C9B330+2208560]
	BaseThreadInitThunk [0x7794FA29+25]
	RtlGetAppContainerNamedObjectPath [0x77E57A7E+286]
	RtlGetAppContainerNamedObjectPath [0x77E57A4E+238]

	at org.openqa.selenium.remote.W3CHandshakeResponse.lambda$new$0(W3CHandshakeResponse.java:57)
	at org.openqa.selenium.remote.W3CHandshakeResponse.lambda$getResponseFunction$2(W3CHandshakeResponse.java:104)
	at org.openqa.selenium.remote.ProtocolHandshake.lambda$createSession$0(ProtocolHandshake.java:122)
	at java.base/java.util.stream.ReferencePipeline$3$1.accept(ReferencePipeline.java:195)
	at java.base/java.util.Spliterators$ArraySpliterator.tryAdvance(Spliterators.java:958)
	at java.base/java.util.stream.ReferencePipeline.forEachWithCancel(ReferencePipeline.java:127)
	at java.base/java.util.stream.AbstractPipeline.copyIntoWithCancel(AbstractPipeline.java:502)
	at java.base/java.util.stream.AbstractPipeline.copyInto(AbstractPipeline.java:488)
	at java.base/java.util.stream.AbstractPipeline.wrapAndCopyInto(AbstractPipeline.java:474)
	at java.base/java.util.stream.FindOps$FindOp.evaluateSequential(FindOps.java:150)
	at java.base/java.util.stream.AbstractPipeline.evaluate(AbstractPipeline.java:234)
	at java.base/java.util.stream.ReferencePipeline.findFirst(ReferencePipeline.java:543)
	at org.openqa.selenium.remote.ProtocolHandshake.createSession(ProtocolHandshake.java:125)
	at org.openqa.selenium.remote.ProtocolHandshake.createSession(ProtocolHandshake.java:73)
	at org.openqa.selenium.remote.HttpCommandExecutor.execute(HttpCommandExecutor.java:136)
	at org.openqa.selenium.remote.service.DriverCommandExecutor.execute(DriverCommandExecutor.java:83)
	at org.openqa.selenium.remote.RemoteWebDriver.execute(RemoteWebDriver.java:548)
	at org.openqa.selenium.remote.RemoteWebDriver.startSession(RemoteWebDriver.java:212)
	at org.openqa.selenium.remote.RemoteWebDriver.&lt;init&gt;(RemoteWebDriver.java:130)
	at org.openqa.selenium.chrome.ChromeDriver.&lt;init&gt;(ChromeDriver.java:181)
	at org.openqa.selenium.chrome.ChromeDriver.&lt;init&gt;(ChromeDriver.java:168)
	at org.openqa.selenium.chrome.ChromeDriver.&lt;init&gt;(ChromeDriver.java:123)
	at com.selenium1Demo.testCases.BaseClass.setup(BaseClass.java:40)
... Removed 33 stack frames</div></td></tr></table><p class="totop"><a href="#summary">back to summary</a></p>
<h3 id="m3">com.selenium1Demo.testCases.TC_AddCustommer_03#tearDown</h3><table class="result"><tr><th class="invisible"/></tr></table><p class="totop"><a href="#summary">back to summary</a></p>
<h3 id="m4">com.selenium1Demo.testCases.TC_LoginDDT_002#tearDown</h3><table class="result"><tr><th class="invisible"/></tr></table><p class="totop"><a href="#summary">back to summary</a></p>
<h3 id="m5">com.selenium1Demo.testCases.TC_LoginTest_001#tearDown</h3><table class="result"><tr><th class="invisible"/></tr></table><p class="totop"><a href="#summary">back to summary</a></p>
<h3 id="m6">com.selenium1Demo.testCases.TC_AddCustommer_03#addNewCustomerTest</h3><table class="result"><tr><th>Exception</th></tr><tr><td><div class="stacktrace">org.openqa.selenium.SessionNotCreatedException: session not created: This version of ChromeDriver only supports Chrome version 97
Current browser version is 99.0.4844.51 with binary path C:\Program Files\Google\Chrome\Application\chrome.exe
Build info: version: &apos;3.14.0&apos;, revision: &apos;aacccce0&apos;, time: &apos;2018-08-02T20:19:58.91Z&apos;
System info: host: &apos;DESKTOP-C7DDVKG&apos;, ip: &apos;192.168.0.63&apos;, os.name: &apos;Windows 10&apos;, os.arch: &apos;amd64&apos;, os.version: &apos;10.0&apos;, java.version: &apos;11.0.14&apos;
Driver info: driver.version: ChromeDriver
remote stacktrace: Backtrace:
	Ordinal0 [0x00CEFDC3+2555331]
	Ordinal0 [0x00C877F1+2127857]
	Ordinal0 [0x00B82E08+1060360]
	Ordinal0 [0x00BA19CA+1186250]
	Ordinal0 [0x00B9D825+1169445]
	Ordinal0 [0x00B9AFC1+1159105]
	Ordinal0 [0x00BCC22F+1360431]
	Ordinal0 [0x00BCBE9A+1359514]
	Ordinal0 [0x00BC7976+1341814]
	Ordinal0 [0x00BA36B6+1193654]
	Ordinal0 [0x00BA4546+1197382]
	GetHandleVerifier [0x00E89622+1619522]
	GetHandleVerifier [0x00F3882C+2336844]
	GetHandleVerifier [0x00D823E1+541697]
	GetHandleVerifier [0x00D81443+537699]
	Ordinal0 [0x00C8D18E+2150798]
	Ordinal0 [0x00C91518+2168088]
	Ordinal0 [0x00C91660+2168416]
	Ordinal0 [0x00C9B330+2208560]
	BaseThreadInitThunk [0x7794FA29+25]
	RtlGetAppContainerNamedObjectPath [0x77E57A7E+286]
	RtlGetAppContainerNamedObjectPath [0x77E57A4E+238]

	at org.openqa.selenium.remote.W3CHandshakeResponse.lambda$new$0(W3CHandshakeResponse.java:57)
	at org.openqa.selenium.remote.W3CHandshakeResponse.lambda$getResponseFunction$2(W3CHandshakeResponse.java:104)
	at org.openqa.selenium.remote.ProtocolHandshake.lambda$createSession$0(ProtocolHandshake.java:122)
	at java.base/java.util.stream.ReferencePipeline$3$1.accept(ReferencePipeline.java:195)
	at java.base/java.util.Spliterators$ArraySpliterator.tryAdvance(Spliterators.java:958)
	at java.base/java.util.stream.ReferencePipeline.forEachWithCancel(ReferencePipeline.java:127)
	at java.base/java.util.stream.AbstractPipeline.copyIntoWithCancel(AbstractPipeline.java:502)
	at java.base/java.util.stream.AbstractPipeline.copyInto(AbstractPipeline.java:488)
	at java.base/java.util.stream.AbstractPipeline.wrapAndCopyInto(AbstractPipeline.java:474)
	at java.base/java.util.stream.FindOps$FindOp.evaluateSequential(FindOps.java:150)
	at java.base/java.util.stream.AbstractPipeline.evaluate(AbstractPipeline.java:234)
	at java.base/java.util.stream.ReferencePipeline.findFirst(ReferencePipeline.java:543)
	at org.openqa.selenium.remote.ProtocolHandshake.createSession(ProtocolHandshake.java:125)
	at org.openqa.selenium.remote.ProtocolHandshake.createSession(ProtocolHandshake.java:73)
	at org.openqa.selenium.remote.HttpCommandExecutor.execute(HttpCommandExecutor.java:136)
	at org.openqa.selenium.remote.service.DriverCommandExecutor.execute(DriverCommandExecutor.java:83)
	at org.openqa.selenium.remote.RemoteWebDriver.execute(RemoteWebDriver.java:548)
	at org.openqa.selenium.remote.RemoteWebDriver.startSession(RemoteWebDriver.java:212)
	at org.openqa.selenium.remote.RemoteWebDriver.&lt;init&gt;(RemoteWebDriver.java:130)
	at org.openqa.selenium.chrome.ChromeDriver.&lt;init&gt;(ChromeDriver.java:181)
	at org.openqa.selenium.chrome.ChromeDriver.&lt;init&gt;(ChromeDriver.java:168)
	at org.openqa.selenium.chrome.ChromeDriver.&lt;init&gt;(ChromeDriver.java:123)
	at com.selenium1Demo.testCases.BaseClass.setup(BaseClass.java:40)
... Removed 33 stack frames</div></td></tr></table><p class="totop"><a href="#summary">back to summary</a></p>
<h3 id="m7">com.selenium1Demo.testCases.TC_LoginDDT_002#loginDDT</h3><table class="result"><tr><th>Exception</th></tr><tr><td><div class="stacktrace">org.openqa.selenium.SessionNotCreatedException: session not created: This version of ChromeDriver only supports Chrome version 97
Current browser version is 99.0.4844.51 with binary path C:\Program Files\Google\Chrome\Application\chrome.exe
Build info: version: &apos;3.14.0&apos;, revision: &apos;aacccce0&apos;, time: &apos;2018-08-02T20:19:58.91Z&apos;
System info: host: &apos;DESKTOP-C7DDVKG&apos;, ip: &apos;192.168.0.63&apos;, os.name: &apos;Windows 10&apos;, os.arch: &apos;amd64&apos;, os.version: &apos;10.0&apos;, java.version: &apos;11.0.14&apos;
Driver info: driver.version: ChromeDriver
remote stacktrace: Backtrace:
	Ordinal0 [0x00CEFDC3+2555331]
	Ordinal0 [0x00C877F1+2127857]
	Ordinal0 [0x00B82E08+1060360]
	Ordinal0 [0x00BA19CA+1186250]
	Ordinal0 [0x00B9D825+1169445]
	Ordinal0 [0x00B9AFC1+1159105]
	Ordinal0 [0x00BCC22F+1360431]
	Ordinal0 [0x00BCBE9A+1359514]
	Ordinal0 [0x00BC7976+1341814]
	Ordinal0 [0x00BA36B6+1193654]
	Ordinal0 [0x00BA4546+1197382]
	GetHandleVerifier [0x00E89622+1619522]
	GetHandleVerifier [0x00F3882C+2336844]
	GetHandleVerifier [0x00D823E1+541697]
	GetHandleVerifier [0x00D81443+537699]
	Ordinal0 [0x00C8D18E+2150798]
	Ordinal0 [0x00C91518+2168088]
	Ordinal0 [0x00C91660+2168416]
	Ordinal0 [0x00C9B330+2208560]
	BaseThreadInitThunk [0x7794FA29+25]
	RtlGetAppContainerNamedObjectPath [0x77E57A7E+286]
	RtlGetAppContainerNamedObjectPath [0x77E57A4E+238]

	at org.openqa.selenium.remote.W3CHandshakeResponse.lambda$new$0(W3CHandshakeResponse.java:57)
	at org.openqa.selenium.remote.W3CHandshakeResponse.lambda$getResponseFunction$2(W3CHandshakeResponse.java:104)
	at org.openqa.selenium.remote.ProtocolHandshake.lambda$createSession$0(ProtocolHandshake.java:122)
	at java.base/java.util.stream.ReferencePipeline$3$1.accept(ReferencePipeline.java:195)
	at java.base/java.util.Spliterators$ArraySpliterator.tryAdvance(Spliterators.java:958)
	at java.base/java.util.stream.ReferencePipeline.forEachWithCancel(ReferencePipeline.java:127)
	at java.base/java.util.stream.AbstractPipeline.copyIntoWithCancel(AbstractPipeline.java:502)
	at java.base/java.util.stream.AbstractPipeline.copyInto(AbstractPipeline.java:488)
	at java.base/java.util.stream.AbstractPipeline.wrapAndCopyInto(AbstractPipeline.java:474)
	at java.base/java.util.stream.FindOps$FindOp.evaluateSequential(FindOps.java:150)
	at java.base/java.util.stream.AbstractPipeline.evaluate(AbstractPipeline.java:234)
	at java.base/java.util.stream.ReferencePipeline.findFirst(ReferencePipeline.java:543)
	at org.openqa.selenium.remote.ProtocolHandshake.createSession(ProtocolHandshake.java:125)
	at org.openqa.selenium.remote.ProtocolHandshake.createSession(ProtocolHandshake.java:73)
	at org.openqa.selenium.remote.HttpCommandExecutor.execute(HttpCommandExecutor.java:136)
	at org.openqa.selenium.remote.service.DriverCommandExecutor.execute(DriverCommandExecutor.java:83)
	at org.openqa.selenium.remote.RemoteWebDriver.execute(RemoteWebDriver.java:548)
	at org.openqa.selenium.remote.RemoteWebDriver.startSession(RemoteWebDriver.java:212)
	at org.openqa.selenium.remote.RemoteWebDriver.&lt;init&gt;(RemoteWebDriver.java:130)
	at org.openqa.selenium.chrome.ChromeDriver.&lt;init&gt;(ChromeDriver.java:181)
	at org.openqa.selenium.chrome.ChromeDriver.&lt;init&gt;(ChromeDriver.java:168)
	at org.openqa.selenium.chrome.ChromeDriver.&lt;init&gt;(ChromeDriver.java:123)
	at com.selenium1Demo.testCases.BaseClass.setup(BaseClass.java:40)
... Removed 33 stack frames</div></td></tr></table><p class="totop"><a href="#summary">back to summary</a></p>
<h3 id="m8">com.selenium1Demo.testCases.TC_LoginDDT_002#loginDDT</h3><table class="result"><tr><th>Exception</th></tr><tr><td><div class="stacktrace">org.openqa.selenium.SessionNotCreatedException: session not created: This version of ChromeDriver only supports Chrome version 97
Current browser version is 99.0.4844.51 with binary path C:\Program Files\Google\Chrome\Application\chrome.exe
Build info: version: &apos;3.14.0&apos;, revision: &apos;aacccce0&apos;, time: &apos;2018-08-02T20:19:58.91Z&apos;
System info: host: &apos;DESKTOP-C7DDVKG&apos;, ip: &apos;192.168.0.63&apos;, os.name: &apos;Windows 10&apos;, os.arch: &apos;amd64&apos;, os.version: &apos;10.0&apos;, java.version: &apos;11.0.14&apos;
Driver info: driver.version: ChromeDriver
remote stacktrace: Backtrace:
	Ordinal0 [0x00CEFDC3+2555331]
	Ordinal0 [0x00C877F1+2127857]
	Ordinal0 [0x00B82E08+1060360]
	Ordinal0 [0x00BA19CA+1186250]
	Ordinal0 [0x00B9D825+1169445]
	Ordinal0 [0x00B9AFC1+1159105]
	Ordinal0 [0x00BCC22F+1360431]
	Ordinal0 [0x00BCBE9A+1359514]
	Ordinal0 [0x00BC7976+1341814]
	Ordinal0 [0x00BA36B6+1193654]
	Ordinal0 [0x00BA4546+1197382]
	GetHandleVerifier [0x00E89622+1619522]
	GetHandleVerifier [0x00F3882C+2336844]
	GetHandleVerifier [0x00D823E1+541697]
	GetHandleVerifier [0x00D81443+537699]
	Ordinal0 [0x00C8D18E+2150798]
	Ordinal0 [0x00C91518+2168088]
	Ordinal0 [0x00C91660+2168416]
	Ordinal0 [0x00C9B330+2208560]
	BaseThreadInitThunk [0x7794FA29+25]
	RtlGetAppContainerNamedObjectPath [0x77E57A7E+286]
	RtlGetAppContainerNamedObjectPath [0x77E57A4E+238]

	at org.openqa.selenium.remote.W3CHandshakeResponse.lambda$new$0(W3CHandshakeResponse.java:57)
	at org.openqa.selenium.remote.W3CHandshakeResponse.lambda$getResponseFunction$2(W3CHandshakeResponse.java:104)
	at org.openqa.selenium.remote.ProtocolHandshake.lambda$createSession$0(ProtocolHandshake.java:122)
	at java.base/java.util.stream.ReferencePipeline$3$1.accept(ReferencePipeline.java:195)
	at java.base/java.util.Spliterators$ArraySpliterator.tryAdvance(Spliterators.java:958)
	at java.base/java.util.stream.ReferencePipeline.forEachWithCancel(ReferencePipeline.java:127)
	at java.base/java.util.stream.AbstractPipeline.copyIntoWithCancel(AbstractPipeline.java:502)
	at java.base/java.util.stream.AbstractPipeline.copyInto(AbstractPipeline.java:488)
	at java.base/java.util.stream.AbstractPipeline.wrapAndCopyInto(AbstractPipeline.java:474)
	at java.base/java.util.stream.FindOps$FindOp.evaluateSequential(FindOps.java:150)
	at java.base/java.util.stream.AbstractPipeline.evaluate(AbstractPipeline.java:234)
	at java.base/java.util.stream.ReferencePipeline.findFirst(ReferencePipeline.java:543)
	at org.openqa.selenium.remote.ProtocolHandshake.createSession(ProtocolHandshake.java:125)
	at org.openqa.selenium.remote.ProtocolHandshake.createSession(ProtocolHandshake.java:73)
	at org.openqa.selenium.remote.HttpCommandExecutor.execute(HttpCommandExecutor.java:136)
	at org.openqa.selenium.remote.service.DriverCommandExecutor.execute(DriverCommandExecutor.java:83)
	at org.openqa.selenium.remote.RemoteWebDriver.execute(RemoteWebDriver.java:548)
	at org.openqa.selenium.remote.RemoteWebDriver.startSession(RemoteWebDriver.java:212)
	at org.openqa.selenium.remote.RemoteWebDriver.&lt;init&gt;(RemoteWebDriver.java:130)
	at org.openqa.selenium.chrome.ChromeDriver.&lt;init&gt;(ChromeDriver.java:181)
	at org.openqa.selenium.chrome.ChromeDriver.&lt;init&gt;(ChromeDriver.java:168)
	at org.openqa.selenium.chrome.ChromeDriver.&lt;init&gt;(ChromeDriver.java:123)
	at com.selenium1Demo.testCases.BaseClass.setup(BaseClass.java:40)
... Removed 33 stack frames</div></td></tr></table><p class="totop"><a href="#summary">back to summary</a></p>
<h3 id="m9">com.selenium1Demo.testCases.TC_LoginDDT_002#loginDDT</h3><table class="result"><tr><th>Exception</th></tr><tr><td><div class="stacktrace">org.openqa.selenium.SessionNotCreatedException: session not created: This version of ChromeDriver only supports Chrome version 97
Current browser version is 99.0.4844.51 with binary path C:\Program Files\Google\Chrome\Application\chrome.exe
Build info: version: &apos;3.14.0&apos;, revision: &apos;aacccce0&apos;, time: &apos;2018-08-02T20:19:58.91Z&apos;
System info: host: &apos;DESKTOP-C7DDVKG&apos;, ip: &apos;192.168.0.63&apos;, os.name: &apos;Windows 10&apos;, os.arch: &apos;amd64&apos;, os.version: &apos;10.0&apos;, java.version: &apos;11.0.14&apos;
Driver info: driver.version: ChromeDriver
remote stacktrace: Backtrace:
	Ordinal0 [0x00CEFDC3+2555331]
	Ordinal0 [0x00C877F1+2127857]
	Ordinal0 [0x00B82E08+1060360]
	Ordinal0 [0x00BA19CA+1186250]
	Ordinal0 [0x00B9D825+1169445]
	Ordinal0 [0x00B9AFC1+1159105]
	Ordinal0 [0x00BCC22F+1360431]
	Ordinal0 [0x00BCBE9A+1359514]
	Ordinal0 [0x00BC7976+1341814]
	Ordinal0 [0x00BA36B6+1193654]
	Ordinal0 [0x00BA4546+1197382]
	GetHandleVerifier [0x00E89622+1619522]
	GetHandleVerifier [0x00F3882C+2336844]
	GetHandleVerifier [0x00D823E1+541697]
	GetHandleVerifier [0x00D81443+537699]
	Ordinal0 [0x00C8D18E+2150798]
	Ordinal0 [0x00C91518+2168088]
	Ordinal0 [0x00C91660+2168416]
	Ordinal0 [0x00C9B330+2208560]
	BaseThreadInitThunk [0x7794FA29+25]
	RtlGetAppContainerNamedObjectPath [0x77E57A7E+286]
	RtlGetAppContainerNamedObjectPath [0x77E57A4E+238]

	at org.openqa.selenium.remote.W3CHandshakeResponse.lambda$new$0(W3CHandshakeResponse.java:57)
	at org.openqa.selenium.remote.W3CHandshakeResponse.lambda$getResponseFunction$2(W3CHandshakeResponse.java:104)
	at org.openqa.selenium.remote.ProtocolHandshake.lambda$createSession$0(ProtocolHandshake.java:122)
	at java.base/java.util.stream.ReferencePipeline$3$1.accept(ReferencePipeline.java:195)
	at java.base/java.util.Spliterators$ArraySpliterator.tryAdvance(Spliterators.java:958)
	at java.base/java.util.stream.ReferencePipeline.forEachWithCancel(ReferencePipeline.java:127)
	at java.base/java.util.stream.AbstractPipeline.copyIntoWithCancel(AbstractPipeline.java:502)
	at java.base/java.util.stream.AbstractPipeline.copyInto(AbstractPipeline.java:488)
	at java.base/java.util.stream.AbstractPipeline.wrapAndCopyInto(AbstractPipeline.java:474)
	at java.base/java.util.stream.FindOps$FindOp.evaluateSequential(FindOps.java:150)
	at java.base/java.util.stream.AbstractPipeline.evaluate(AbstractPipeline.java:234)
	at java.base/java.util.stream.ReferencePipeline.findFirst(ReferencePipeline.java:543)
	at org.openqa.selenium.remote.ProtocolHandshake.createSession(ProtocolHandshake.java:125)
	at org.openqa.selenium.remote.ProtocolHandshake.createSession(ProtocolHandshake.java:73)
	at org.openqa.selenium.remote.HttpCommandExecutor.execute(HttpCommandExecutor.java:136)
	at org.openqa.selenium.remote.service.DriverCommandExecutor.execute(DriverCommandExecutor.java:83)
	at org.openqa.selenium.remote.RemoteWebDriver.execute(RemoteWebDriver.java:548)
	at org.openqa.selenium.remote.RemoteWebDriver.startSession(RemoteWebDriver.java:212)
	at org.openqa.selenium.remote.RemoteWebDriver.&lt;init&gt;(RemoteWebDriver.java:130)
	at org.openqa.selenium.chrome.ChromeDriver.&lt;init&gt;(ChromeDriver.java:181)
	at org.openqa.selenium.chrome.ChromeDriver.&lt;init&gt;(ChromeDriver.java:168)
	at org.openqa.selenium.chrome.ChromeDriver.&lt;init&gt;(ChromeDriver.java:123)
	at com.selenium1Demo.testCases.BaseClass.setup(BaseClass.java:40)
... Removed 33 stack frames</div></td></tr></table><p class="totop"><a href="#summary">back to summary</a></p>
<h3 id="m10">com.selenium1Demo.testCases.TC_LoginDDT_002#loginDDT</h3><table class="result"><tr><th>Exception</th></tr><tr><td><div class="stacktrace">org.openqa.selenium.SessionNotCreatedException: session not created: This version of ChromeDriver only supports Chrome version 97
Current browser version is 99.0.4844.51 with binary path C:\Program Files\Google\Chrome\Application\chrome.exe
Build info: version: &apos;3.14.0&apos;, revision: &apos;aacccce0&apos;, time: &apos;2018-08-02T20:19:58.91Z&apos;
System info: host: &apos;DESKTOP-C7DDVKG&apos;, ip: &apos;192.168.0.63&apos;, os.name: &apos;Windows 10&apos;, os.arch: &apos;amd64&apos;, os.version: &apos;10.0&apos;, java.version: &apos;11.0.14&apos;
Driver info: driver.version: ChromeDriver
remote stacktrace: Backtrace:
	Ordinal0 [0x00CEFDC3+2555331]
	Ordinal0 [0x00C877F1+2127857]
	Ordinal0 [0x00B82E08+1060360]
	Ordinal0 [0x00BA19CA+1186250]
	Ordinal0 [0x00B9D825+1169445]
	Ordinal0 [0x00B9AFC1+1159105]
	Ordinal0 [0x00BCC22F+1360431]
	Ordinal0 [0x00BCBE9A+1359514]
	Ordinal0 [0x00BC7976+1341814]
	Ordinal0 [0x00BA36B6+1193654]
	Ordinal0 [0x00BA4546+1197382]
	GetHandleVerifier [0x00E89622+1619522]
	GetHandleVerifier [0x00F3882C+2336844]
	GetHandleVerifier [0x00D823E1+541697]
	GetHandleVerifier [0x00D81443+537699]
	Ordinal0 [0x00C8D18E+2150798]
	Ordinal0 [0x00C91518+2168088]
	Ordinal0 [0x00C91660+2168416]
	Ordinal0 [0x00C9B330+2208560]
	BaseThreadInitThunk [0x7794FA29+25]
	RtlGetAppContainerNamedObjectPath [0x77E57A7E+286]
	RtlGetAppContainerNamedObjectPath [0x77E57A4E+238]

	at org.openqa.selenium.remote.W3CHandshakeResponse.lambda$new$0(W3CHandshakeResponse.java:57)
	at org.openqa.selenium.remote.W3CHandshakeResponse.lambda$getResponseFunction$2(W3CHandshakeResponse.java:104)
	at org.openqa.selenium.remote.ProtocolHandshake.lambda$createSession$0(ProtocolHandshake.java:122)
	at java.base/java.util.stream.ReferencePipeline$3$1.accept(ReferencePipeline.java:195)
	at java.base/java.util.Spliterators$ArraySpliterator.tryAdvance(Spliterators.java:958)
	at java.base/java.util.stream.ReferencePipeline.forEachWithCancel(ReferencePipeline.java:127)
	at java.base/java.util.stream.AbstractPipeline.copyIntoWithCancel(AbstractPipeline.java:502)
	at java.base/java.util.stream.AbstractPipeline.copyInto(AbstractPipeline.java:488)
	at java.base/java.util.stream.AbstractPipeline.wrapAndCopyInto(AbstractPipeline.java:474)
	at java.base/java.util.stream.FindOps$FindOp.evaluateSequential(FindOps.java:150)
	at java.base/java.util.stream.AbstractPipeline.evaluate(AbstractPipeline.java:234)
	at java.base/java.util.stream.ReferencePipeline.findFirst(ReferencePipeline.java:543)
	at org.openqa.selenium.remote.ProtocolHandshake.createSession(ProtocolHandshake.java:125)
	at org.openqa.selenium.remote.ProtocolHandshake.createSession(ProtocolHandshake.java:73)
	at org.openqa.selenium.remote.HttpCommandExecutor.execute(HttpCommandExecutor.java:136)
	at org.openqa.selenium.remote.service.DriverCommandExecutor.execute(DriverCommandExecutor.java:83)
	at org.openqa.selenium.remote.RemoteWebDriver.execute(RemoteWebDriver.java:548)
	at org.openqa.selenium.remote.RemoteWebDriver.startSession(RemoteWebDriver.java:212)
	at org.openqa.selenium.remote.RemoteWebDriver.&lt;init&gt;(RemoteWebDriver.java:130)
	at org.openqa.selenium.chrome.ChromeDriver.&lt;init&gt;(ChromeDriver.java:181)
	at org.openqa.selenium.chrome.ChromeDriver.&lt;init&gt;(ChromeDriver.java:168)
	at org.openqa.selenium.chrome.ChromeDriver.&lt;init&gt;(ChromeDriver.java:123)
	at com.selenium1Demo.testCases.BaseClass.setup(BaseClass.java:40)
... Removed 33 stack frames</div></td></tr></table><p class="totop"><a href="#summary">back to summary</a></p>
<h3 id="m11">com.selenium1Demo.testCases.TC_LoginDDT_002#loginDDT</h3><table class="result"><tr><th>Exception</th></tr><tr><td><div class="stacktrace">org.openqa.selenium.SessionNotCreatedException: session not created: This version of ChromeDriver only supports Chrome version 97
Current browser version is 99.0.4844.51 with binary path C:\Program Files\Google\Chrome\Application\chrome.exe
Build info: version: &apos;3.14.0&apos;, revision: &apos;aacccce0&apos;, time: &apos;2018-08-02T20:19:58.91Z&apos;
System info: host: &apos;DESKTOP-C7DDVKG&apos;, ip: &apos;192.168.0.63&apos;, os.name: &apos;Windows 10&apos;, os.arch: &apos;amd64&apos;, os.version: &apos;10.0&apos;, java.version: &apos;11.0.14&apos;
Driver info: driver.version: ChromeDriver
remote stacktrace: Backtrace:
	Ordinal0 [0x00CEFDC3+2555331]
	Ordinal0 [0x00C877F1+2127857]
	Ordinal0 [0x00B82E08+1060360]
	Ordinal0 [0x00BA19CA+1186250]
	Ordinal0 [0x00B9D825+1169445]
	Ordinal0 [0x00B9AFC1+1159105]
	Ordinal0 [0x00BCC22F+1360431]
	Ordinal0 [0x00BCBE9A+1359514]
	Ordinal0 [0x00BC7976+1341814]
	Ordinal0 [0x00BA36B6+1193654]
	Ordinal0 [0x00BA4546+1197382]
	GetHandleVerifier [0x00E89622+1619522]
	GetHandleVerifier [0x00F3882C+2336844]
	GetHandleVerifier [0x00D823E1+541697]
	GetHandleVerifier [0x00D81443+537699]
	Ordinal0 [0x00C8D18E+2150798]
	Ordinal0 [0x00C91518+2168088]
	Ordinal0 [0x00C91660+2168416]
	Ordinal0 [0x00C9B330+2208560]
	BaseThreadInitThunk [0x7794FA29+25]
	RtlGetAppContainerNamedObjectPath [0x77E57A7E+286]
	RtlGetAppContainerNamedObjectPath [0x77E57A4E+238]

	at org.openqa.selenium.remote.W3CHandshakeResponse.lambda$new$0(W3CHandshakeResponse.java:57)
	at org.openqa.selenium.remote.W3CHandshakeResponse.lambda$getResponseFunction$2(W3CHandshakeResponse.java:104)
	at org.openqa.selenium.remote.ProtocolHandshake.lambda$createSession$0(ProtocolHandshake.java:122)
	at java.base/java.util.stream.ReferencePipeline$3$1.accept(ReferencePipeline.java:195)
	at java.base/java.util.Spliterators$ArraySpliterator.tryAdvance(Spliterators.java:958)
	at java.base/java.util.stream.ReferencePipeline.forEachWithCancel(ReferencePipeline.java:127)
	at java.base/java.util.stream.AbstractPipeline.copyIntoWithCancel(AbstractPipeline.java:502)
	at java.base/java.util.stream.AbstractPipeline.copyInto(AbstractPipeline.java:488)
	at java.base/java.util.stream.AbstractPipeline.wrapAndCopyInto(AbstractPipeline.java:474)
	at java.base/java.util.stream.FindOps$FindOp.evaluateSequential(FindOps.java:150)
	at java.base/java.util.stream.AbstractPipeline.evaluate(AbstractPipeline.java:234)
	at java.base/java.util.stream.ReferencePipeline.findFirst(ReferencePipeline.java:543)
	at org.openqa.selenium.remote.ProtocolHandshake.createSession(ProtocolHandshake.java:125)
	at org.openqa.selenium.remote.ProtocolHandshake.createSession(ProtocolHandshake.java:73)
	at org.openqa.selenium.remote.HttpCommandExecutor.execute(HttpCommandExecutor.java:136)
	at org.openqa.selenium.remote.service.DriverCommandExecutor.execute(DriverCommandExecutor.java:83)
	at org.openqa.selenium.remote.RemoteWebDriver.execute(RemoteWebDriver.java:548)
	at org.openqa.selenium.remote.RemoteWebDriver.startSession(RemoteWebDriver.java:212)
	at org.openqa.selenium.remote.RemoteWebDriver.&lt;init&gt;(RemoteWebDriver.java:130)
	at org.openqa.selenium.chrome.ChromeDriver.&lt;init&gt;(ChromeDriver.java:181)
	at org.openqa.selenium.chrome.ChromeDriver.&lt;init&gt;(ChromeDriver.java:168)
	at org.openqa.selenium.chrome.ChromeDriver.&lt;init&gt;(ChromeDriver.java:123)
	at com.selenium1Demo.testCases.BaseClass.setup(BaseClass.java:40)
... Removed 33 stack frames</div></td></tr></table><p class="totop"><a href="#summary">back to summary</a></p>
<h3 id="m12">com.selenium1Demo.testCases.TC_LoginTest_001#loginTest</h3><table class="result"><tr><th>Exception</th></tr><tr><td><div class="stacktrace">org.openqa.selenium.SessionNotCreatedException: session not created: This version of ChromeDriver only supports Chrome version 97
Current browser version is 99.0.4844.51 with binary path C:\Program Files\Google\Chrome\Application\chrome.exe
Build info: version: &apos;3.14.0&apos;, revision: &apos;aacccce0&apos;, time: &apos;2018-08-02T20:19:58.91Z&apos;
System info: host: &apos;DESKTOP-C7DDVKG&apos;, ip: &apos;192.168.0.63&apos;, os.name: &apos;Windows 10&apos;, os.arch: &apos;amd64&apos;, os.version: &apos;10.0&apos;, java.version: &apos;11.0.14&apos;
Driver info: driver.version: ChromeDriver
remote stacktrace: Backtrace:
	Ordinal0 [0x00CEFDC3+2555331]
	Ordinal0 [0x00C877F1+2127857]
	Ordinal0 [0x00B82E08+1060360]
	Ordinal0 [0x00BA19CA+1186250]
	Ordinal0 [0x00B9D825+1169445]
	Ordinal0 [0x00B9AFC1+1159105]
	Ordinal0 [0x00BCC22F+1360431]
	Ordinal0 [0x00BCBE9A+1359514]
	Ordinal0 [0x00BC7976+1341814]
	Ordinal0 [0x00BA36B6+1193654]
	Ordinal0 [0x00BA4546+1197382]
	GetHandleVerifier [0x00E89622+1619522]
	GetHandleVerifier [0x00F3882C+2336844]
	GetHandleVerifier [0x00D823E1+541697]
	GetHandleVerifier [0x00D81443+537699]
	Ordinal0 [0x00C8D18E+2150798]
	Ordinal0 [0x00C91518+2168088]
	Ordinal0 [0x00C91660+2168416]
	Ordinal0 [0x00C9B330+2208560]
	BaseThreadInitThunk [0x7794FA29+25]
	RtlGetAppContainerNamedObjectPath [0x77E57A7E+286]
	RtlGetAppContainerNamedObjectPath [0x77E57A4E+238]

	at org.openqa.selenium.remote.W3CHandshakeResponse.lambda$new$0(W3CHandshakeResponse.java:57)
	at org.openqa.selenium.remote.W3CHandshakeResponse.lambda$getResponseFunction$2(W3CHandshakeResponse.java:104)
	at org.openqa.selenium.remote.ProtocolHandshake.lambda$createSession$0(ProtocolHandshake.java:122)
	at java.base/java.util.stream.ReferencePipeline$3$1.accept(ReferencePipeline.java:195)
	at java.base/java.util.Spliterators$ArraySpliterator.tryAdvance(Spliterators.java:958)
	at java.base/java.util.stream.ReferencePipeline.forEachWithCancel(ReferencePipeline.java:127)
	at java.base/java.util.stream.AbstractPipeline.copyIntoWithCancel(AbstractPipeline.java:502)
	at java.base/java.util.stream.AbstractPipeline.copyInto(AbstractPipeline.java:488)
	at java.base/java.util.stream.AbstractPipeline.wrapAndCopyInto(AbstractPipeline.java:474)
	at java.base/java.util.stream.FindOps$FindOp.evaluateSequential(FindOps.java:150)
	at java.base/java.util.stream.AbstractPipeline.evaluate(AbstractPipeline.java:234)
	at java.base/java.util.stream.ReferencePipeline.findFirst(ReferencePipeline.java:543)
	at org.openqa.selenium.remote.ProtocolHandshake.createSession(ProtocolHandshake.java:125)
	at org.openqa.selenium.remote.ProtocolHandshake.createSession(ProtocolHandshake.java:73)
	at org.openqa.selenium.remote.HttpCommandExecutor.execute(HttpCommandExecutor.java:136)
	at org.openqa.selenium.remote.service.DriverCommandExecutor.execute(DriverCommandExecutor.java:83)
	at org.openqa.selenium.remote.RemoteWebDriver.execute(RemoteWebDriver.java:548)
	at org.openqa.selenium.remote.RemoteWebDriver.startSession(RemoteWebDriver.java:212)
	at org.openqa.selenium.remote.RemoteWebDriver.&lt;init&gt;(RemoteWebDriver.java:130)
	at org.openqa.selenium.chrome.ChromeDriver.&lt;init&gt;(ChromeDriver.java:181)
	at org.openqa.selenium.chrome.ChromeDriver.&lt;init&gt;(ChromeDriver.java:168)
	at org.openqa.selenium.chrome.ChromeDriver.&lt;init&gt;(ChromeDriver.java:123)
	at com.selenium1Demo.testCases.BaseClass.setup(BaseClass.java:40)
... Removed 33 stack frames</div></td></tr></table><p class="totop"><a href="#summary">back to summary</a></p>
</body>
</html>
